<?xml version="1.0" encoding="UTF-8"?>
<testsuite name="timeseries.TimeUnitSpec" tests="4" skipped="0" failures="0" errors="0" timestamp="2017-06-29T00:04:53" hostname="TVC15" time="0.003">
  <properties/>
  <testcase name="whenNanoSecondTimeUnitFrequencyWithMicrosecondUnitThenResultCorrect" classname="timeseries.TimeUnitSpec" time="0.0"/>
  <testcase name="whenTimeUnitFrequencyTimePeriodComputedThenResultCorrect" classname="timeseries.TimeUnitSpec" time="0.0"/>
  <testcase name="whenMillisecondTimeUnitFrequencyWithSecondsPeriodThenResultCorrect" classname="timeseries.TimeUnitSpec" time="0.0"/>
  <testcase name="whenNanoSecondTimeUnitFrequencyWithMicrosecondPeriodThenResultCorrect" classname="timeseries.TimeUnitSpec" time="0.001"/>
  <system-out><![CDATA[]]></system-out>
  <system-err><![CDATA[]]></system-err>
</testsuite>
