<?xml version="1.0" encoding="UTF-8"?>
<testsuite name="data.DoubleFunctionsSpec" tests="13" skipped="0" failures="0" errors="0" timestamp="2017-06-29T00:04:51" hostname="TVC15" time="0.059">
  <properties/>
  <testcase name="whenAppendedThenNewArrayCorrect" classname="data.DoubleFunctionsSpec" time="0.001"/>
  <testcase name="whenInvBoxCoxThenTransformationUnapplied" classname="data.DoubleFunctionsSpec" time="0.045"/>
  <testcase name="whenSqrtMethodThenSqrtOfEachValueReturned" classname="data.DoubleFunctionsSpec" time="0.0"/>
  <testcase name="whenNewArrayFromTwoThenCombinedIntoOneProperly" classname="data.DoubleFunctionsSpec" time="0.001"/>
  <testcase name="whenNewArrayFromThreeThenCombinedIntoOneProperly" classname="data.DoubleFunctionsSpec" time="0.001"/>
  <testcase name="whenNewArrayCreatedOutputValuesEqualToInputValues" classname="data.DoubleFunctionsSpec" time="0.001"/>
  <testcase name="whenNewArrayCreatedWithEmptyArgumentListEmptyArrayReturned" classname="data.DoubleFunctionsSpec" time="0.0"/>
  <testcase name="whenDataMeanRemovedThenResultMeanZero" classname="data.DoubleFunctionsSpec" time="0.0"/>
  <testcase name="whenBoxCoxThenTransformationApplied" classname="data.DoubleFunctionsSpec" time="0.001"/>
  <testcase name="whenArraySlicedValuesWithinSliceRangeReturned" classname="data.DoubleFunctionsSpec" time="0.001"/>
  <testcase name="whenNegativeOfThenNegativeTaken" classname="data.DoubleFunctionsSpec" time="0.001"/>
  <testcase name="whenFillMethodThenArrayFilledWithGivenValue" classname="data.DoubleFunctionsSpec" time="0.0"/>
  <testcase name="whenNewArrayFromIndicesThenCorrectValuesExtracted" classname="data.DoubleFunctionsSpec" time="0.0"/>
  <system-out><![CDATA[]]></system-out>
  <system-err><![CDATA[]]></system-err>
</testsuite>
