<?xml version="1.0" encoding="UTF-8"?>
<testsuite name="timeseries.models.RandomWalkSpec" tests="8" skipped="0" failures="0" errors="0" timestamp="2017-06-29T00:04:51" hostname="TVC15" time="0.033">
  <properties/>
  <testcase name="whenPointForecastThenEqualToLastObserved" classname="timeseries.models.RandomWalkSpec" time="0.005"/>
  <testcase name="whenInstantiatedNullSeriesThenNPE" classname="timeseries.models.RandomWalkSpec" time="0.0"/>
  <testcase name="whenSimulatedThenSeriesHasGivenLength" classname="timeseries.models.RandomWalkSpec" time="0.01"/>
  <testcase name="whenForecastThenNotNullReturned" classname="timeseries.models.RandomWalkSpec" time="0.006"/>
  <testcase name="testEqualsAndHashCode" classname="timeseries.models.RandomWalkSpec" time="0.004"/>
  <testcase name="whenEmptyTimeSeriesThenIllegalArgumentException" classname="timeseries.models.RandomWalkSpec" time="0.0"/>
  <testcase name="whenSimWithNullDistributionThenNPE" classname="timeseries.models.RandomWalkSpec" time="0.001"/>
  <testcase name="whenForecastThenPredictionIntervalCorrect" classname="timeseries.models.RandomWalkSpec" time="0.002"/>
  <system-out><![CDATA[]]></system-out>
  <system-err><![CDATA[]]></system-err>
</testsuite>
