<?xml version="1.0" encoding="UTF-8"?>
<testsuite name="regression.primitive.LinearRegressionSpec" tests="8" skipped="0" failures="0" errors="0" timestamp="2017-06-29T00:04:51" hostname="TVC15" time="0.119">
  <properties/>
  <testcase name="whenSimpleLinearRegressionThenSigma2Accurate" classname="regression.primitive.LinearRegressionSpec" time="0.001"/>
  <testcase name="whenInterceptDirectlyGivenThenResultsEquivalent" classname="regression.primitive.LinearRegressionSpec" time="0.001"/>
  <testcase name="whenSimpleRegressionThenFittedValuesCorrect" classname="regression.primitive.LinearRegressionSpec" time="0.001"/>
  <testcase name="equalsContract" classname="regression.primitive.LinearRegressionSpec" time="0.106"/>
  <testcase name="whenSimpleRegressionThenBetaEstimatedCorrectly" classname="regression.primitive.LinearRegressionSpec" time="0.0"/>
  <testcase name="whenSimpleLinearRegressionThenStandardErrorsAccurate" classname="regression.primitive.LinearRegressionSpec" time="0.001"/>
  <testcase name="whenBuiltThenDataProperlySet" classname="regression.primitive.LinearRegressionSpec" time="0.002"/>
  <testcase name="whenSimpleRegressionNoInterceptThenBetaEstimatedCorrectly" classname="regression.primitive.LinearRegressionSpec" time="0.0"/>
  <system-out><![CDATA[]]></system-out>
  <system-err><![CDATA[]]></system-err>
</testsuite>
