<?xml version="1.0" encoding="UTF-8"?>
<testsuite name="timeseries.models.arima.KalmanFilterSpec" tests="9" skipped="0" failures="0" errors="0" timestamp="2017-06-29T00:04:51" hostname="TVC15" time="0.014">
  <properties/>
  <testcase name="whenManyMoreARThanMACoeffsThenStarmaOutputCorrect" classname="timeseries.models.arima.KalmanFilterSpec" time="0.004"/>
  <testcase name="whenMoreARThanMACoeffsThenStarmaOutputCorrect" classname="timeseries.models.arima.KalmanFilterSpec" time="0.0"/>
  <testcase name="whenManyMoreMAThanARCoeffsThenStarmaOutputCorrect" classname="timeseries.models.arima.KalmanFilterSpec" time="0.0"/>
  <testcase name="whenMoreMAThanARCoeffsThenStarmaOutputCorrect" classname="timeseries.models.arima.KalmanFilterSpec" time="0.001"/>
  <testcase name="whenNumberOfMAAndARCoeffsEqualThenStarmaOutputCorrect" classname="timeseries.models.arima.KalmanFilterSpec" time="0.001"/>
  <testcase name="whenOnlyOneARCoeffThenStarmaOutputCorrect" classname="timeseries.models.arima.KalmanFilterSpec" time="0.001"/>
  <testcase name="whenOnlyOneMACoeffThenStarmaOutputCorrect" classname="timeseries.models.arima.KalmanFilterSpec" time="0.0"/>
  <testcase name="whenNoCoeffsThenStarmaOutputTheNumberOne" classname="timeseries.models.arima.KalmanFilterSpec" time="0.0"/>
  <testcase name="whenStateSpaceArmaInitializedThenDataSetProperly" classname="timeseries.models.arima.KalmanFilterSpec" time="0.002"/>
  <system-out><![CDATA[]]></system-out>
  <system-err><![CDATA[]]></system-err>
</testsuite>
