<?xml version="1.0" encoding="UTF-8"?>
<testsuite name="data.RangeSpec" tests="17" skipped="0" failures="0" errors="0" timestamp="2017-06-29T00:04:51" hostname="TVC15" time="0.055">
  <properties/>
  <testcase name="whenByIsNegativeThenIllegalArgument" classname="data.RangeSpec" time="0.002"/>
  <testcase name="whenDoubleRangeCreatedThenCorrectValues" classname="data.RangeSpec" time="0.004"/>
  <testcase name="whenDoubleRangeInclusiveCreatedCorrectObjectReturned" classname="data.RangeSpec" time="0.0"/>
  <testcase name="whenDoubleRangeInclusiveCreatedCorrectObjectReturnedAgain" classname="data.RangeSpec" time="0.001"/>
  <testcase name="whenByIsZeroThenIllegalArgument" classname="data.RangeSpec" time="0.001"/>
  <testcase name="whenSumComputedResultCorrect" classname="data.RangeSpec" time="0.001"/>
  <testcase name="whenInclusiveSliceTakenResultingArrayCorrect" classname="data.RangeSpec" time="0.003"/>
  <testcase name="whenIntRangeInclusiveCreatedCorrectObjectReturned" classname="data.RangeSpec" time="0.001"/>
  <testcase name="whenDoubleRangeExclusiveCreatedCorrectObjectReturned" classname="data.RangeSpec" time="0.0"/>
  <testcase name="whenDoubleRangeExclusiveCreatedCorrectObjectReturnedAgain" classname="data.RangeSpec" time="0.001"/>
  <testcase name="whenIntRangeExclusiveCreatedCorrectObjectReturned" classname="data.RangeSpec" time="0.001"/>
  <testcase name="whenDoubleRangeCreatedThenCorrectValues2" classname="data.RangeSpec" time="0.0"/>
  <testcase name="whenDoubleRangeCreatedThenCorrectValues3" classname="data.RangeSpec" time="0.0"/>
  <testcase name="whenSliceTakenResultingArrayCorrect" classname="data.RangeSpec" time="0.001"/>
  <testcase name="whenAsListThenCorrectListReturned" classname="data.RangeSpec" time="0.021"/>
  <testcase name="whenIntRangeExclusiveCreatedCorrectObjectReturnedTestTwo" classname="data.RangeSpec" time="0.0"/>
  <testcase name="whenIntRangeInclusiveCreatedCorrectObjectReturnedTestTwo" classname="data.RangeSpec" time="0.0"/>
  <system-out><![CDATA[]]></system-out>
  <system-err><![CDATA[]]></system-err>
</testsuite>
