<?xml version="1.0" encoding="UTF-8"?>
<testsuite name="timeseries.models.arima.ArimaSpec" tests="15" skipped="0" failures="0" errors="0" timestamp="2017-06-29T00:04:51" hostname="TVC15" time="1.309">
  <properties/>
  <testcase name="whenSimulateCoefficientsNullThenNPE" classname="timeseries.models.arima.ArimaSpec" time="0.008"/>
  <testcase name="whenModelFitThenModelInformationCorrect" classname="timeseries.models.arima.ArimaSpec" time="0.042"/>
  <testcase name="testModelCoefficientsEqualsAndHashCode" classname="timeseries.models.arima.ArimaSpec" time="0.001"/>
  <testcase name="whenSimulateThenSeriesOfSizeNReturned" classname="timeseries.models.arima.ArimaSpec" time="0.001"/>
  <testcase name="whenSimulateNLessThanOneThenException" classname="timeseries.models.arima.ArimaSpec" time="0.001"/>
  <testcase name="whenArimaModelFitThenParametersSimilarToROutput" classname="timeseries.models.arima.ArimaSpec" time="0.039"/>
  <testcase name="testModelOrderEqualsAndHashCode" classname="timeseries.models.arima.ArimaSpec" time="0.001"/>
  <testcase name="whenModelFitThenCorrectIntercept" classname="timeseries.models.arima.ArimaSpec" time="0.002"/>
  <testcase name="whenSimulateDistributionNullThenNPE" classname="timeseries.models.arima.ArimaSpec" time="0.001"/>
  <testcase name="whenArimaModelFitDebitcardsThenParametersSimilarToROutput" classname="timeseries.models.arima.ArimaSpec" time="1.172"/>
  <testcase name="whenArimaModelForecastThenForecastValuesCorrect" classname="timeseries.models.arima.ArimaSpec" time="0.001"/>
  <testcase name="testModelInfoEqualsAndHashCode" classname="timeseries.models.arima.ArimaSpec" time="0.0"/>
  <testcase name="whenZerosThenFittedAreZero" classname="timeseries.models.arima.ArimaSpec" time="0.001"/>
  <testcase name="whenArimaModelForecastThenPredictionLevelsAccurate" classname="timeseries.models.arima.ArimaSpec" time="0.006"/>
  <testcase name="testEqualsAndHashCode" classname="timeseries.models.arima.ArimaSpec" time="0.024"/>
  <system-out><![CDATA[48
14
20
6
55
11
46
9
4
1
48
14
20
6
153
33
48
14
20
6
]]></system-out>
  <system-err><![CDATA[]]></system-err>
</testsuite>
