<?xml version="1.0" encoding="UTF-8"?>
<testsuite name="timeseries.models.arima.ArimaForecastSpec" tests="2" skipped="0" failures="0" errors="0" timestamp="2017-06-29T00:04:53" hostname="TVC15" time="0.073">
  <properties/>
  <testcase name="whenForecastThenCorrectPredictionIntervals" classname="timeseries.models.arima.ArimaForecastSpec" time="0.037"/>
  <testcase name="whenArimaForecastThenForecastValuesCorrect" classname="timeseries.models.arima.ArimaForecastSpec" time="0.035"/>
  <system-out><![CDATA[]]></system-out>
  <system-err><![CDATA[]]></system-err>
</testsuite>
