<?xml version="1.0" encoding="UTF-8"?>
<testsuite name="math.RealSpec" tests="20" skipped="0" failures="0" errors="0" timestamp="2017-06-29T00:06:41" hostname="TVC15" time="0.027">
  <properties/>
  <testcase name="whenConjugateThenSelf" classname="math.RealSpec" time="0.001"/>
  <testcase name="whenRealSqrtThenRightComplexReturned" classname="math.RealSpec" time="0.0"/>
  <testcase name="whenRealAbsThenAbsoluteValueReturned" classname="math.RealSpec" time="0.001"/>
  <testcase name="whenZeroConstructorThenZeroCreated" classname="math.RealSpec" time="0.001"/>
  <testcase name="whenRealIntervalDoesntContainNumberThenFalse" classname="math.RealSpec" time="0.001"/>
  <testcase name="whenIntervalEndpointsNotEqualThenFalse" classname="math.RealSpec" time="0.0"/>
  <testcase name="testIntervalEqualsAndHashCode" classname="math.RealSpec" time="0.001"/>
  <testcase name="whenAdditiveInverseThenRightNumberReturned" classname="math.RealSpec" time="0.0"/>
  <testcase name="whenRealIntervalThenLowerAndUpperReturned" classname="math.RealSpec" time="0.0"/>
  <testcase name="whenRealNumberDividedResultCorrect" classname="math.RealSpec" time="0.0"/>
  <testcase name="whenIntervalEndpointsEqualThenTrue" classname="math.RealSpec" time="0.003"/>
  <testcase name="whenRealNumberSquaredResultCorrect" classname="math.RealSpec" time="0.0"/>
  <testcase name="whenRealIntervalContainsNumberThenTrue" classname="math.RealSpec" time="0.001"/>
  <testcase name="whenNegativeSqrtThenIllegalStateException" classname="math.RealSpec" time="0.0"/>
  <testcase name="whenRealValuesComparedThenOrderingCorrect" classname="math.RealSpec" time="0.0"/>
  <testcase name="testEqualsAndHashCode" classname="math.RealSpec" time="0.003"/>
  <testcase name="whenRealNumberCubedResultCorrect" classname="math.RealSpec" time="0.001"/>
  <testcase name="whenRealSubtractedThenCorrectRealReturned" classname="math.RealSpec" time="0.001"/>
  <testcase name="whenRealAddedThenCorrectRealReturned" classname="math.RealSpec" time="0.001"/>
  <testcase name="whenIntervalEndpointsEqualWithinToleranceThenTrue" classname="math.RealSpec" time="0.0"/>
  <system-out><![CDATA[]]></system-out>
  <system-err><![CDATA[]]></system-err>
</testsuite>
