<?xml version="1.0" encoding="UTF-8"?>
<testsuite name="math.linear.doubles.VectorSpec" tests="8" skipped="0" failures="0" errors="0" timestamp="2017-06-29T00:06:41" hostname="TVC15" time="0.011">
  <properties/>
  <testcase name="whenVectorsSubtractedThenDiffCorrect" classname="math.linear.doubles.VectorSpec" time="0.0"/>
  <testcase name="whenDotProductZeroLengthVectorExceptionThrown" classname="math.linear.doubles.VectorSpec" time="0.001"/>
  <testcase name="whenOuterProductComputedResultingMatrixCorrect" classname="math.linear.doubles.VectorSpec" time="0.001"/>
  <testcase name="whenVectorSubtractedByScalarThenDiffCorrect" classname="math.linear.doubles.VectorSpec" time="0.0"/>
  <testcase name="whenEqualsAndHashCodeThenValuesCorrect" classname="math.linear.doubles.VectorSpec" time="0.001"/>
  <testcase name="whenVectorsAddedThenSumCorrect" classname="math.linear.doubles.VectorSpec" time="0.0"/>
  <testcase name="whenSumThenResultCorrect" classname="math.linear.doubles.VectorSpec" time="0.001"/>
  <testcase name="whenAxpyThenResultCorrect" classname="math.linear.doubles.VectorSpec" time="0.001"/>
  <system-out><![CDATA[]]></system-out>
  <system-err><![CDATA[]]></system-err>
</testsuite>
