<?xml version="1.0" encoding="UTF-8"?>
<testsuite name="math.optim.QuadraticInterpolationSpec" tests="9" skipped="0" failures="0" errors="0" timestamp="2017-06-29T00:06:41" hostname="TVC15" time="0.019">
  <properties/>
  <testcase name="whenThreePointMinPerformedThenResultCorrect" classname="math.optim.QuadraticInterpolationSpec" time="0.004"/>
  <testcase name="whenPolynomialCreatedSecondCoefficientCorrect" classname="math.optim.QuadraticInterpolationSpec" time="0.001"/>
  <testcase name="whenTwoXValuesTheSameExceptionThrown" classname="math.optim.QuadraticInterpolationSpec" time="0.001"/>
  <testcase name="whenSecantFormulaMinPerformedThenResultCorrect" classname="math.optim.QuadraticInterpolationSpec" time="0.001"/>
  <testcase name="whenPolynomialCreatedThenMinimumCorrect" classname="math.optim.QuadraticInterpolationSpec" time="0.0"/>
  <testcase name="whenThreePointWithNoMinimumThenException" classname="math.optim.QuadraticInterpolationSpec" time="0.001"/>
  <testcase name="whenStaticMinimumTwoXValuesTheSameExceptionThrown" classname="math.optim.QuadraticInterpolationSpec" time="0.001"/>
  <testcase name="whenPolynomialCreatedDifferentArgOrderThenMinimumStillCorrect" classname="math.optim.QuadraticInterpolationSpec" time="0.0"/>
  <testcase name="whenPolynomialCreatedFirstCoefficientCorrect" classname="math.optim.QuadraticInterpolationSpec" time="0.001"/>
  <system-out><![CDATA[]]></system-out>
  <system-err><![CDATA[]]></system-err>
</testsuite>
