<?xml version="1.0" encoding="UTF-8"?>
<testsuite name="math.stats.distributions.StudentsTDistributionSpec" tests="3" skipped="0" failures="0" errors="0" timestamp="2017-06-29T00:06:41" hostname="TVC15" time="0.015">
  <properties/>
  <testcase name="whenNormalQuantileComputedResultCorrect" classname="math.stats.distributions.StudentsTDistributionSpec" time="0.01"/>
  <testcase name="whenNormalRandGeneratedDoubleReturned" classname="math.stats.distributions.StudentsTDistributionSpec" time="0.002"/>
  <testcase name="testEqualsAndHashCode" classname="math.stats.distributions.StudentsTDistributionSpec" time="0.001"/>
  <system-out><![CDATA[]]></system-out>
  <system-err><![CDATA[]]></system-err>
</testsuite>
