<?xml version="1.0" encoding="UTF-8"?>
<testsuite name="math.linear.FieldVectorSpec" tests="10" skipped="0" failures="0" errors="0" timestamp="2017-06-29T00:06:41" hostname="TVC15" time="0.014">
  <properties/>
  <testcase name="whenTwoVectorsSameThenEqualsIsTrue" classname="math.linear.FieldVectorSpec" time="0.001"/>
  <testcase name="whenVectorsSubtractedThenDiffCorrect" classname="math.linear.FieldVectorSpec" time="0.001"/>
  <testcase name="whenNormZeroLengthVectorThenAnswerZero" classname="math.linear.FieldVectorSpec" time="0.001"/>
  <testcase name="whenDotProductZeroLengthVectorExceptionThrown" classname="math.linear.FieldVectorSpec" time="0.001"/>
  <testcase name="whenDotProductThenResultCorrect" classname="math.linear.FieldVectorSpec" time="0.002"/>
  <testcase name="whenVectorsAddedThenSumCorrect" classname="math.linear.FieldVectorSpec" time="0.001"/>
  <testcase name="whenElementsGetterThenElementsRetrieved" classname="math.linear.FieldVectorSpec" time="0.001"/>
  <testcase name="whenTwoVectorsDiffThenEqualsIsFalse" classname="math.linear.FieldVectorSpec" time="0.001"/>
  <testcase name="whenAxpyComputedResultCorrect" classname="math.linear.FieldVectorSpec" time="0.0"/>
  <testcase name="whenNormComputedThenResultCorrect" classname="math.linear.FieldVectorSpec" time="0.0"/>
  <system-out><![CDATA[]]></system-out>
  <system-err><![CDATA[]]></system-err>
</testsuite>
