<?xml version="1.0" encoding="UTF-8"?>
<testsuite name="math.optim.BFGSSpec" tests="1" skipped="0" failures="0" errors="0" timestamp="2017-06-29T00:06:41" hostname="TVC15" time="0.006">
  <properties/>
  <testcase name="testBFGS" classname="math.optim.BFGSSpec" time="0.006"/>
  <system-out><![CDATA[]]></system-out>
  <system-err><![CDATA[]]></system-err>
</testsuite>
