<?xml version="1.0" encoding="UTF-8"?>
<testsuite name="math.function.QuadraticFunctionSpec" tests="10" skipped="0" failures="0" errors="0" timestamp="2017-06-29T00:06:41" hostname="TVC15" time="0.01">
  <properties/>
  <testcase name="whenZerosComputedThenValuesCorrect" classname="math.function.QuadraticFunctionSpec" time="0.0"/>
  <testcase name="whenFirstCoefficientZeroExceptionThrown" classname="math.function.QuadraticFunctionSpec" time="0.0"/>
  <testcase name="whenZerosWithLargeSecondCoefficientThenValuesCorrect" classname="math.function.QuadraticFunctionSpec" time="0.001"/>
  <testcase name="whenFunctionHasMinOrMaxThenHasMinimumIsTrue" classname="math.function.QuadraticFunctionSpec" time="0.001"/>
  <testcase name="givenQuadraticFunctionExtremaCorrect" classname="math.function.QuadraticFunctionSpec" time="0.001"/>
  <testcase name="testEqualsAndHashCode" classname="math.function.QuadraticFunctionSpec" time="0.001"/>
  <testcase name="whenEvaluatedAtThenResultCorrect" classname="math.function.QuadraticFunctionSpec" time="0.001"/>
  <testcase name="whenFirstCoefficientRealZeroExceptionThrown" classname="math.function.QuadraticFunctionSpec" time="0.001"/>
  <testcase name="whenFunctionEvaluatedThenCorrectResult" classname="math.function.QuadraticFunctionSpec" time="0.0"/>
  <testcase name="givenQuadraticFunctionCoefficientsReturned" classname="math.function.QuadraticFunctionSpec" time="0.001"/>
  <system-out><![CDATA[]]></system-out>
  <system-err><![CDATA[]]></system-err>
</testsuite>
