<?xml version="1.0" encoding="UTF-8"?>
<testsuite name="math.ComplexSpec" tests="15" skipped="0" failures="0" errors="0" timestamp="2017-06-29T00:06:41" hostname="TVC15" time="0.025">
  <properties/>
  <testcase name="whenCompareToThenOrderingCorrect" classname="math.ComplexSpec" time="0.003"/>
  <testcase name="whenSqrtWithNegativeRealComputedThenResultCorrect" classname="math.ComplexSpec" time="0.0"/>
  <testcase name="whenComplexNumbersMultipliedCorrectProductGiven" classname="math.ComplexSpec" time="0.001"/>
  <testcase name="whenComplexDividedByComplexThenResultCorrect" classname="math.ComplexSpec" time="0.0"/>
  <testcase name="whenDivisionByZeroThenIllegalArgumentException" classname="math.ComplexSpec" time="0.001"/>
  <testcase name="whenComplexNumbersSubtractedCorrectDiffGiven" classname="math.ComplexSpec" time="0.001"/>
  <testcase name="whenComplexNumberCreatedModulusCorrect" classname="math.ComplexSpec" time="0.001"/>
  <testcase name="whenDivisionByIntZeroThenIllegalArgumentException" classname="math.ComplexSpec" time="0.001"/>
  <testcase name="whenHashCodeAndEqualsThenValuesCorrect" classname="math.ComplexSpec" time="0.001"/>
  <testcase name="whenSqrtComputedThenResultCorrect" classname="math.ComplexSpec" time="0.001"/>
  <testcase name="whenComplexDividedByDoubleThenResultCorrect" classname="math.ComplexSpec" time="0.0"/>
  <testcase name="whenNoArgConstructorThenComplexZero" classname="math.ComplexSpec" time="0.001"/>
  <testcase name="whenComplexNumbersAddedCorrectSumGiven" classname="math.ComplexSpec" time="0.001"/>
  <testcase name="whenComplexPlusDoubleThenResultCorrect" classname="math.ComplexSpec" time="0.0"/>
  <testcase name="whenAdditiveInverseThenSumIsZero" classname="math.ComplexSpec" time="0.0"/>
  <system-out><![CDATA[]]></system-out>
  <system-err><![CDATA[]]></system-err>
</testsuite>
