<?xml version="1.0" encoding="UTF-8"?>
<testsuite name="math.RationalSpec" tests="12" skipped="0" failures="0" errors="0" timestamp="2017-06-29T00:06:41" hostname="TVC15" time="0.017">
  <properties/>
  <testcase name="testHashCodeAndEquals" classname="math.RationalSpec" time="0.001"/>
  <testcase name="whenConjugateThenSelf" classname="math.RationalSpec" time="0.0"/>
  <testcase name="whenComparedThenOrderCorrect" classname="math.RationalSpec" time="0.001"/>
  <testcase name="whenSqrtThenResultCorrect" classname="math.RationalSpec" time="0.0"/>
  <testcase name="whenQIsZeroThenIllegalArgument" classname="math.RationalSpec" time="0.001"/>
  <testcase name="whenDivisionByRationalThenResultCorrect" classname="math.RationalSpec" time="0.001"/>
  <testcase name="whenSqrtTopNotRationalThenIllegalState" classname="math.RationalSpec" time="0.001"/>
  <testcase name="whenTimesThenResultCorrect" classname="math.RationalSpec" time="0.001"/>
  <testcase name="whenMinusThenResultCorrect" classname="math.RationalSpec" time="0.001"/>
  <testcase name="whenAdditiveInverseThenSumIsZero" classname="math.RationalSpec" time="0.0"/>
  <testcase name="whenAbsThenResultCorrect" classname="math.RationalSpec" time="0.0"/>
  <testcase name="whenSqrtBottomNotRationalThenIllegalState" classname="math.RationalSpec" time="0.001"/>
  <system-out><![CDATA[]]></system-out>
  <system-err><![CDATA[]]></system-err>
</testsuite>
