<?xml version="1.0" encoding="UTF-8"?>
<testsuite name="math.operations.OperatorsSpec" tests="8" skipped="0" failures="0" errors="0" timestamp="2017-06-29T00:06:41" hostname="TVC15" time="0.01">
  <properties/>
  <testcase name="whenSumOfMethodThenVectorizedSumReturned" classname="math.operations.OperatorsSpec" time="0.0"/>
  <testcase name="whenScaledMethodThenDataScaled" classname="math.operations.OperatorsSpec" time="0.001"/>
  <testcase name="whenProductOfCalledWithDiffereningLengthExceptionThrown" classname="math.operations.OperatorsSpec" time="0.001"/>
  <testcase name="whenSumOfCalledWithDiffereningLengthExceptionThrown" classname="math.operations.OperatorsSpec" time="0.0"/>
  <testcase name="whenQuotientOfMethodThenDataDivided" classname="math.operations.OperatorsSpec" time="0.001"/>
  <testcase name="whenQuotientOfCalledWithDiffereningLengthExceptionThrown" classname="math.operations.OperatorsSpec" time="0.0"/>
  <testcase name="whenProductOfCalledThenVectorizedProductReturned" classname="math.operations.OperatorsSpec" time="0.001"/>
  <testcase name="whenDifferenceOfCalledWithDiffereningLengthExceptionThrown" classname="math.operations.OperatorsSpec" time="0.0"/>
  <system-out><![CDATA[]]></system-out>
  <system-err><![CDATA[]]></system-err>
</testsuite>
