<?xml version="1.0" encoding="UTF-8"?>
<testsuite name="math.stats.distributions.UniformDistributionSpec" tests="6" skipped="0" failures="0" errors="0" timestamp="2017-06-29T00:06:41" hostname="TVC15" time="0.023">
  <properties/>
  <testcase name="whenQuantileWithProbGreaterThanOneThenIllegalArgument" classname="math.stats.distributions.UniformDistributionSpec" time="0.007"/>
  <testcase name="whenQuantileAtZeroThenMinReturned" classname="math.stats.distributions.UniformDistributionSpec" time="0.001"/>
  <testcase name="whenQuantileAtOneThenMaxReturned" classname="math.stats.distributions.UniformDistributionSpec" time="0.001"/>
  <testcase name="whenQuantileThenCorrectValueReturned" classname="math.stats.distributions.UniformDistributionSpec" time="0.001"/>
  <testcase name="whenRandomThenNumberBetweenMinAndMax" classname="math.stats.distributions.UniformDistributionSpec" time="0.006"/>
  <testcase name="whenQuantileWithProbLessThanZeroThenIllegalArgument" classname="math.stats.distributions.UniformDistributionSpec" time="0.001"/>
  <system-out><![CDATA[]]></system-out>
  <system-err><![CDATA[]]></system-err>
</testsuite>
