<?xml version="1.0" encoding="UTF-8"?>
<testsuite name="math.optim.StrongWolfeLineSearchSpec" tests="2" skipped="0" failures="0" errors="0" timestamp="2017-06-29T00:06:41" hostname="TVC15" time="0.02">
  <properties/>
  <testcase name="whenSearchThenSecondWolfeConditionSatisfied" classname="math.optim.StrongWolfeLineSearchSpec" time="0.018"/>
  <testcase name="whenSearchThenFirstWolfeConditionSatisfied" classname="math.optim.StrongWolfeLineSearchSpec" time="0.001"/>
  <system-out><![CDATA[]]></system-out>
  <system-err><![CDATA[]]></system-err>
</testsuite>
