<?xml version="1.0" encoding="UTF-8"?>
<testsuite name="math.polynomial.interpolation.LinearInterpolationSpec" tests="3" skipped="0" failures="0" errors="0" timestamp="2017-06-29T00:06:41" hostname="TVC15" time="0.003">
  <properties/>
  <testcase name="whenTwoPointsSameExceptionThrown" classname="math.polynomial.interpolation.LinearInterpolationSpec" time="0.001"/>
  <testcase name="whenFunctionValuesGivenSecondCoefficientCorrect" classname="math.polynomial.interpolation.LinearInterpolationSpec" time="0.0"/>
  <testcase name="whenFunctionValuesGivenFirstCoefficientCorrect" classname="math.polynomial.interpolation.LinearInterpolationSpec" time="0.0"/>
  <system-out><![CDATA[]]></system-out>
  <system-err><![CDATA[]]></system-err>
</testsuite>
