<?xml version="1.0" encoding="UTF-8"?>
<testsuite name="math.linear.MatricesSpec" tests="3" skipped="0" failures="0" errors="0" timestamp="2017-06-29T00:06:41" hostname="TVC15" time="0.017">
  <properties/>
  <testcase name="whenMatrixFromOneDimArrayColumnMajorOrderCorrectMatrixCreated" classname="math.linear.MatricesSpec" time="0.013"/>
  <testcase name="whenMatrixFromThenCorrectMatrixCreated" classname="math.linear.MatricesSpec" time="0.0"/>
  <testcase name="whenMatrixFromOneDimArrayRowMajorOrderCorrectMatrixCreated" classname="math.linear.MatricesSpec" time="0.0"/>
  <system-out><![CDATA[]]></system-out>
  <system-err><![CDATA[]]></system-err>
</testsuite>
