<?xml version="1.0" encoding="UTF-8"?>
<testsuite name="math.function.NumericDerivativesSpec" tests="6" skipped="0" failures="0" errors="0" timestamp="2017-06-29T00:06:41" hostname="TVC15" time="0.012">
  <properties/>
  <testcase name="whenCentralGradientVectorCalculatedApproximationClose" classname="math.function.NumericDerivativesSpec" time="0.004"/>
  <testcase name="whenForwardDerivCalculatedApproximationClose" classname="math.function.NumericDerivativesSpec" time="0.002"/>
  <testcase name="whenCentralDerivCalculatedApproximationClose" classname="math.function.NumericDerivativesSpec" time="0.002"/>
  <testcase name="whenForwardGradientCalculatedApproximationClose" classname="math.function.NumericDerivativesSpec" time="0.001"/>
  <testcase name="whenForwardGradientVectorCalculatedApproximationClose" classname="math.function.NumericDerivativesSpec" time="0.001"/>
  <testcase name="whenCentralGradientCalculatedApproximationClose" classname="math.function.NumericDerivativesSpec" time="0.001"/>
  <system-out><![CDATA[]]></system-out>
  <system-err><![CDATA[]]></system-err>
</testsuite>
